Analysis & Synthesis report for ULA_Adelino_Mateus_Victor
Thu Jun 09 19:01:30 2016
Quartus II 32-bit Version 13.1.0 Build 162 10/23/2013 SJ Web Edition


---------------------
; Table of Contents ;
---------------------
  1. Legal Notice
  2. Analysis & Synthesis Summary
  3. Analysis & Synthesis Settings
  4. Parallel Compilation
  5. Analysis & Synthesis Source Files Read
  6. Analysis & Synthesis Resource Usage Summary
  7. Analysis & Synthesis Resource Utilization by Entity
  8. General Register Statistics
  9. Multiplexer Restructuring Statistics (Restructuring Performed)
 10. Elapsed Time Per Partition
 11. Analysis & Synthesis Messages



----------------
; Legal Notice ;
----------------
Copyright (C) 1991-2013 Altera Corporation
Your use of Altera Corporation's design tools, logic functions 
and other software and tools, and its AMPP partner logic 
functions, and any output files from any of the foregoing 
(including device programming or simulation files), and any 
associated documentation or information are expressly subject 
to the terms and conditions of the Altera Program License 
Subscription Agreement, Altera MegaCore Function License 
Agreement, or other applicable license agreement, including, 
without limitation, that your use is for the sole purpose of 
programming logic devices manufactured by Altera and sold by 
Altera or its authorized distributors.  Please refer to the 
applicable agreement for further details.



+---------------------------------------------------------------------------------+
; Analysis & Synthesis Summary                                                    ;
+------------------------------------+--------------------------------------------+
; Analysis & Synthesis Status        ; Successful - Thu Jun 09 19:01:30 2016      ;
; Quartus II 32-bit Version          ; 13.1.0 Build 162 10/23/2013 SJ Web Edition ;
; Revision Name                      ; ULA_Adelino_Mateus_Victor                  ;
; Top-level Entity Name              ; ULA_Adelino_Mateus_Victor                  ;
; Family                             ; Cyclone IV GX                              ;
; Total logic elements               ; 74                                         ;
;     Total combinational functions  ; 74                                         ;
;     Dedicated logic registers      ; 0                                          ;
; Total registers                    ; 0                                          ;
; Total pins                         ; 30                                         ;
; Total virtual pins                 ; 0                                          ;
; Total memory bits                  ; 0                                          ;
; Embedded Multiplier 9-bit elements ; 0                                          ;
; Total GXB Receiver Channel PCS     ; 0                                          ;
; Total GXB Receiver Channel PMA     ; 0                                          ;
; Total GXB Transmitter Channel PCS  ; 0                                          ;
; Total GXB Transmitter Channel PMA  ; 0                                          ;
; Total PLLs                         ; 0                                          ;
+------------------------------------+--------------------------------------------+


+------------------------------------------------------------------------------------------------------------------------------------+
; Analysis & Synthesis Settings                                                                                                      ;
+----------------------------------------------------------------------------+---------------------------+---------------------------+
; Option                                                                     ; Setting                   ; Default Value             ;
+----------------------------------------------------------------------------+---------------------------+---------------------------+
; Top-level entity name                                                      ; ULA_Adelino_Mateus_Victor ; ULA_Adelino_Mateus_Victor ;
; Family name                                                                ; Cyclone IV GX             ; Cyclone V                 ;
; Use smart compilation                                                      ; Off                       ; Off                       ;
; Enable parallel Assembler and TimeQuest Timing Analyzer during compilation ; On                        ; On                        ;
; Enable compact report table                                                ; Off                       ; Off                       ;
; Restructure Multiplexers                                                   ; Auto                      ; Auto                      ;
; Create Debugging Nodes for IP Cores                                        ; Off                       ; Off                       ;
; Preserve fewer node names                                                  ; On                        ; On                        ;
; Disable OpenCore Plus hardware evaluation                                  ; Off                       ; Off                       ;
; Verilog Version                                                            ; Verilog_2001              ; Verilog_2001              ;
; VHDL Version                                                               ; VHDL_1993                 ; VHDL_1993                 ;
; State Machine Processing                                                   ; Auto                      ; Auto                      ;
; Safe State Machine                                                         ; Off                       ; Off                       ;
; Extract Verilog State Machines                                             ; On                        ; On                        ;
; Extract VHDL State Machines                                                ; On                        ; On                        ;
; Ignore Verilog initial constructs                                          ; Off                       ; Off                       ;
; Iteration limit for constant Verilog loops                                 ; 5000                      ; 5000                      ;
; Iteration limit for non-constant Verilog loops                             ; 250                       ; 250                       ;
; Add Pass-Through Logic to Inferred RAMs                                    ; On                        ; On                        ;
; Infer RAMs from Raw Logic                                                  ; On                        ; On                        ;
; Parallel Synthesis                                                         ; On                        ; On                        ;
; DSP Block Balancing                                                        ; Auto                      ; Auto                      ;
; NOT Gate Push-Back                                                         ; On                        ; On                        ;
; Power-Up Don't Care                                                        ; On                        ; On                        ;
; Remove Redundant Logic Cells                                               ; Off                       ; Off                       ;
; Remove Duplicate Registers                                                 ; On                        ; On                        ;
; Ignore CARRY Buffers                                                       ; Off                       ; Off                       ;
; Ignore CASCADE Buffers                                                     ; Off                       ; Off                       ;
; Ignore GLOBAL Buffers                                                      ; Off                       ; Off                       ;
; Ignore ROW GLOBAL Buffers                                                  ; Off                       ; Off                       ;
; Ignore LCELL Buffers                                                       ; Off                       ; Off                       ;
; Ignore SOFT Buffers                                                        ; On                        ; On                        ;
; Limit AHDL Integers to 32 Bits                                             ; Off                       ; Off                       ;
; Optimization Technique                                                     ; Balanced                  ; Balanced                  ;
; Carry Chain Length                                                         ; 70                        ; 70                        ;
; Auto Carry Chains                                                          ; On                        ; On                        ;
; Auto Open-Drain Pins                                                       ; On                        ; On                        ;
; Perform WYSIWYG Primitive Resynthesis                                      ; Off                       ; Off                       ;
; Auto ROM Replacement                                                       ; On                        ; On                        ;
; Auto RAM Replacement                                                       ; On                        ; On                        ;
; Auto DSP Block Replacement                                                 ; On                        ; On                        ;
; Auto Shift Register Replacement                                            ; Auto                      ; Auto                      ;
; Allow Shift Register Merging across Hierarchies                            ; Auto                      ; Auto                      ;
; Auto Clock Enable Replacement                                              ; On                        ; On                        ;
; Strict RAM Replacement                                                     ; Off                       ; Off                       ;
; Allow Synchronous Control Signals                                          ; On                        ; On                        ;
; Force Use of Synchronous Clear Signals                                     ; Off                       ; Off                       ;
; Auto RAM Block Balancing                                                   ; On                        ; On                        ;
; Auto RAM to Logic Cell Conversion                                          ; Off                       ; Off                       ;
; Auto Resource Sharing                                                      ; Off                       ; Off                       ;
; Allow Any RAM Size For Recognition                                         ; Off                       ; Off                       ;
; Allow Any ROM Size For Recognition                                         ; Off                       ; Off                       ;
; Allow Any Shift Register Size For Recognition                              ; Off                       ; Off                       ;
; Use LogicLock Constraints during Resource Balancing                        ; On                        ; On                        ;
; Ignore translate_off and synthesis_off directives                          ; Off                       ; Off                       ;
; Timing-Driven Synthesis                                                    ; On                        ; On                        ;
; Report Parameter Settings                                                  ; On                        ; On                        ;
; Report Source Assignments                                                  ; On                        ; On                        ;
; Report Connectivity Checks                                                 ; On                        ; On                        ;
; Ignore Maximum Fan-Out Assignments                                         ; Off                       ; Off                       ;
; Synchronization Register Chain Length                                      ; 2                         ; 2                         ;
; PowerPlay Power Optimization                                               ; Normal compilation        ; Normal compilation        ;
; HDL message level                                                          ; Level2                    ; Level2                    ;
; Suppress Register Optimization Related Messages                            ; Off                       ; Off                       ;
; Number of Removed Registers Reported in Synthesis Report                   ; 5000                      ; 5000                      ;
; Number of Swept Nodes Reported in Synthesis Report                         ; 5000                      ; 5000                      ;
; Number of Inverted Registers Reported in Synthesis Report                  ; 100                       ; 100                       ;
; Clock MUX Protection                                                       ; On                        ; On                        ;
; Auto Gated Clock Conversion                                                ; Off                       ; Off                       ;
; Block Design Naming                                                        ; Auto                      ; Auto                      ;
; SDC constraint protection                                                  ; Off                       ; Off                       ;
; Synthesis Effort                                                           ; Auto                      ; Auto                      ;
; Shift Register Replacement - Allow Asynchronous Clear Signal               ; On                        ; On                        ;
; Pre-Mapping Resynthesis Optimization                                       ; Off                       ; Off                       ;
; Analysis & Synthesis Message Level                                         ; Medium                    ; Medium                    ;
; Disable Register Merging Across Hierarchies                                ; Auto                      ; Auto                      ;
; Resource Aware Inference For Block RAM                                     ; On                        ; On                        ;
; Synthesis Seed                                                             ; 1                         ; 1                         ;
+----------------------------------------------------------------------------+---------------------------+---------------------------+


Parallel compilation was disabled, but you have multiple processors available. Enable parallel compilation to reduce compilation time.
+-------------------------------------+
; Parallel Compilation                ;
+----------------------------+--------+
; Processors                 ; Number ;
+----------------------------+--------+
; Number detected on machine ; 2      ;
; Maximum allowed            ; 1      ;
+----------------------------+--------+


+-------------------------------------------------------------------------------------------------------------------------------------------------------------------------+
; Analysis & Synthesis Source Files Read                                                                                                                                  ;
+----------------------------------+-----------------+------------------------------------+---------------------------------------------------------------------+---------+
; File Name with User-Entered Path ; Used in Netlist ; File Type                          ; File Name with Absolute Path                                        ; Library ;
+----------------------------------+-----------------+------------------------------------+---------------------------------------------------------------------+---------+
; ULA_Adelino_Mateus_Victor.bdf    ; yes             ; User Block Diagram/Schematic File  ; C:/Users/Usuário/Downloads/ULA9/ULA/ULA_Adelino_Mateus_Victor.bdf   ;         ;
; Somador_5bit.bdf                 ; yes             ; User Block Diagram/Schematic File  ; C:/Users/Usuário/Downloads/ULA9/ULA/Somador_5bit.bdf                ;         ;
; Somador_1bit.bdf                 ; yes             ; User Block Diagram/Schematic File  ; C:/Users/Usuário/Downloads/ULA9/ULA/Somador_1bit.bdf                ;         ;
; Subtrator_5bits.bdf              ; yes             ; User Block Diagram/Schematic File  ; C:/Users/Usuário/Downloads/ULA9/ULA/Subtrator_5bits.bdf             ;         ;
; Ax4.bdf                          ; yes             ; User Block Diagram/Schematic File  ; C:/Users/Usuário/Downloads/ULA9/ULA/Ax4.bdf                         ;         ;
; A-1.bdf                          ; yes             ; User Block Diagram/Schematic File  ; C:/Users/Usuário/Downloads/ULA9/ULA/A-1.bdf                         ;         ;
; Comparador_1bit.bdf              ; yes             ; User Block Diagram/Schematic File  ; C:/Users/Usuário/Downloads/ULA9/ULA/Comparador_1bit.bdf             ;         ;
; Comparador_5bit.bdf              ; yes             ; User Block Diagram/Schematic File  ; C:/Users/Usuário/Downloads/ULA9/ULA/Comparador_5bit.bdf             ;         ;
; Comparador_bit_sinal.bdf         ; yes             ; User Block Diagram/Schematic File  ; C:/Users/Usuário/Downloads/ULA9/ULA/Comparador_bit_sinal.bdf        ;         ;
; Comparador_5bit_Menor_Igual.bdf  ; yes             ; User Block Diagram/Schematic File  ; C:/Users/Usuário/Downloads/ULA9/ULA/Comparador_5bit_Menor_Igual.bdf ;         ;
; Multiplexador_2_1.bdf            ; yes             ; User Block Diagram/Schematic File  ; C:/Users/Usuário/Downloads/ULA9/ULA/Multiplexador_2_1.bdf           ;         ;
; Multiplexador_2_1_5bits.bdf      ; yes             ; User Block Diagram/Schematic File  ; C:/Users/Usuário/Downloads/ULA9/ULA/Multiplexador_2_1_5bits.bdf     ;         ;
; Maximo.bdf                       ; yes             ; User Block Diagram/Schematic File  ; C:/Users/Usuário/Downloads/ULA9/ULA/Maximo.bdf                      ;         ;
; Minimo.bdf                       ; yes             ; User Block Diagram/Schematic File  ; C:/Users/Usuário/Downloads/ULA9/ULA/Minimo.bdf                      ;         ;
; Multiplexador_Final.bdf          ; yes             ; User Block Diagram/Schematic File  ; C:/Users/Usuário/Downloads/ULA9/ULA/Multiplexador_Final.bdf         ;         ;
; Multiplexador_Final_Final.bdf    ; yes             ; User Block Diagram/Schematic File  ; C:/Users/Usuário/Downloads/ULA9/ULA/Multiplexador_Final_Final.bdf   ;         ;
; Menu_Parte1.bdf                  ; yes             ; User Block Diagram/Schematic File  ; C:/Users/Usuário/Downloads/ULA9/ULA/Menu_Parte1.bdf                 ;         ;
; S8.bdf                           ; yes             ; User Block Diagram/Schematic File  ; C:/Users/Usuário/Downloads/ULA9/ULA/S8.bdf                          ;         ;
; S9.bdf                           ; yes             ; User Block Diagram/Schematic File  ; C:/Users/Usuário/Downloads/ULA9/ULA/S9.bdf                          ;         ;
; S10.bdf                          ; yes             ; User Block Diagram/Schematic File  ; C:/Users/Usuário/Downloads/ULA9/ULA/S10.bdf                         ;         ;
; S12.bdf                          ; yes             ; User Block Diagram/Schematic File  ; C:/Users/Usuário/Downloads/ULA9/ULA/S12.bdf                         ;         ;
; S13.bdf                          ; yes             ; User Block Diagram/Schematic File  ; C:/Users/Usuário/Downloads/ULA9/ULA/S13.bdf                         ;         ;
; Decodificador.bdf                ; yes             ; User Block Diagram/Schematic File  ; C:/Users/Usuário/Downloads/ULA9/ULA/Decodificador.bdf               ;         ;
; S1.bdf                           ; yes             ; User Block Diagram/Schematic File  ; C:/Users/Usuário/Downloads/ULA9/ULA/S1.bdf                          ;         ;
; S11.bdf                          ; yes             ; User Block Diagram/Schematic File  ; C:/Users/Usuário/Downloads/ULA9/ULA/S11.bdf                         ;         ;
; S14.bdf                          ; yes             ; User Block Diagram/Schematic File  ; C:/Users/Usuário/Downloads/ULA9/ULA/S14.bdf                         ;         ;
+----------------------------------+-----------------+------------------------------------+---------------------------------------------------------------------+---------+


+---------------------------------------------+
; Analysis & Synthesis Resource Usage Summary ;
+--------------------------+------------------+
; Resource                 ; Usage            ;
+--------------------------+------------------+
; I/O pins                 ; 30               ;
; DSP block 9-bit elements ; 0                ;
; Maximum fan-out node     ; SEL[0]~input     ;
; Maximum fan-out          ; 17               ;
; Total fan-out            ; 313              ;
; Average fan-out          ; 2.34             ;
+--------------------------+------------------+


+-------------------------------------------------------------------------------------------------------------------------------------------------------------------------------------------------------------------------------------------------------------------------------------------------------------------+
; Analysis & Synthesis Resource Utilization by Entity                                                                                                                                                                                                                                                               ;
+------------------------------------------+-------------------+--------------+-------------+--------------+---------+-----------+-----------+------+--------------+---------------------------------------------------------------------------------------------------------------------------------+--------------+
; Compilation Hierarchy Node               ; LC Combinationals ; LC Registers ; Memory Bits ; DSP Elements ; DSP 9x9 ; DSP 18x18 ; DSP 36x36 ; Pins ; Virtual Pins ; Full Hierarchy Name                                                                                                             ; Library Name ;
+------------------------------------------+-------------------+--------------+-------------+--------------+---------+-----------+-----------+------+--------------+---------------------------------------------------------------------------------------------------------------------------------+--------------+
; |ULA_Adelino_Mateus_Victor               ; 74 (0)            ; 0 (0)        ; 0           ; 0            ; 0       ; 0         ; 0         ; 30   ; 0            ; |ULA_Adelino_Mateus_Victor                                                                                                      ; work         ;
;    |Decodificador:inst|                  ; 23 (0)            ; 0 (0)        ; 0           ; 0            ; 0       ; 0         ; 0         ; 0    ; 0            ; |ULA_Adelino_Mateus_Victor|Decodificador:inst                                                                                   ; work         ;
;       |S10:inst8|                        ; 2 (2)             ; 0 (0)        ; 0           ; 0            ; 0       ; 0         ; 0         ; 0    ; 0            ; |ULA_Adelino_Mateus_Victor|Decodificador:inst|S10:inst8                                                                         ; work         ;
;       |S11:inst9|                        ; 5 (5)             ; 0 (0)        ; 0           ; 0            ; 0       ; 0         ; 0         ; 0    ; 0            ; |ULA_Adelino_Mateus_Victor|Decodificador:inst|S11:inst9                                                                         ; work         ;
;       |S12:inst10|                       ; 2 (2)             ; 0 (0)        ; 0           ; 0            ; 0       ; 0         ; 0         ; 0    ; 0            ; |ULA_Adelino_Mateus_Victor|Decodificador:inst|S12:inst10                                                                        ; work         ;
;       |S13:inst11|                       ; 3 (3)             ; 0 (0)        ; 0           ; 0            ; 0       ; 0         ; 0         ; 0    ; 0            ; |ULA_Adelino_Mateus_Victor|Decodificador:inst|S13:inst11                                                                        ; work         ;
;       |S14:inst4|                        ; 2 (2)             ; 0 (0)        ; 0           ; 0            ; 0       ; 0         ; 0         ; 0    ; 0            ; |ULA_Adelino_Mateus_Victor|Decodificador:inst|S14:inst4                                                                         ; work         ;
;       |S1:inst|                          ; 3 (3)             ; 0 (0)        ; 0           ; 0            ; 0       ; 0         ; 0         ; 0    ; 0            ; |ULA_Adelino_Mateus_Victor|Decodificador:inst|S1:inst                                                                           ; work         ;
;       |S8:inst3|                         ; 4 (4)             ; 0 (0)        ; 0           ; 0            ; 0       ; 0         ; 0         ; 0    ; 0            ; |ULA_Adelino_Mateus_Victor|Decodificador:inst|S8:inst3                                                                          ; work         ;
;       |S9:inst6|                         ; 2 (2)             ; 0 (0)        ; 0           ; 0            ; 0       ; 0         ; 0         ; 0    ; 0            ; |ULA_Adelino_Mateus_Victor|Decodificador:inst|S9:inst6                                                                          ; work         ;
;    |Menu_Parte1:inst2|                   ; 51 (0)            ; 0 (0)        ; 0           ; 0            ; 0       ; 0         ; 0         ; 0    ; 0            ; |ULA_Adelino_Mateus_Victor|Menu_Parte1:inst2                                                                                    ; work         ;
;       |A-1:inst4|                        ; 3 (0)             ; 0 (0)        ; 0           ; 0            ; 0       ; 0         ; 0         ; 0    ; 0            ; |ULA_Adelino_Mateus_Victor|Menu_Parte1:inst2|A-1:inst4                                                                          ; work         ;
;          |Somador_1bit:inst2|            ; 1 (1)             ; 0 (0)        ; 0           ; 0            ; 0       ; 0         ; 0         ; 0    ; 0            ; |ULA_Adelino_Mateus_Victor|Menu_Parte1:inst2|A-1:inst4|Somador_1bit:inst2                                                       ; work         ;
;          |Somador_1bit:inst3|            ; 2 (2)             ; 0 (0)        ; 0           ; 0            ; 0       ; 0         ; 0         ; 0    ; 0            ; |ULA_Adelino_Mateus_Victor|Menu_Parte1:inst2|A-1:inst4|Somador_1bit:inst3                                                       ; work         ;
;       |Ax4:inst5|                        ; 1 (1)             ; 0 (0)        ; 0           ; 0            ; 0       ; 0         ; 0         ; 0    ; 0            ; |ULA_Adelino_Mateus_Victor|Menu_Parte1:inst2|Ax4:inst5                                                                          ; work         ;
;       |Maximo:inst8|                     ; 4 (0)             ; 0 (0)        ; 0           ; 0            ; 0       ; 0         ; 0         ; 0    ; 0            ; |ULA_Adelino_Mateus_Victor|Menu_Parte1:inst2|Maximo:inst8                                                                       ; work         ;
;          |Comparador_5bit:inst|          ; 4 (0)             ; 0 (0)        ; 0           ; 0            ; 0       ; 0         ; 0         ; 0    ; 0            ; |ULA_Adelino_Mateus_Victor|Menu_Parte1:inst2|Maximo:inst8|Comparador_5bit:inst                                                  ; work         ;
;             |Comparador_1bit:inst6|      ; 1 (1)             ; 0 (0)        ; 0           ; 0            ; 0       ; 0         ; 0         ; 0    ; 0            ; |ULA_Adelino_Mateus_Victor|Menu_Parte1:inst2|Maximo:inst8|Comparador_5bit:inst|Comparador_1bit:inst6                            ; work         ;
;             |Comparador_bit_sinal:inst4| ; 3 (3)             ; 0 (0)        ; 0           ; 0            ; 0       ; 0         ; 0         ; 0    ; 0            ; |ULA_Adelino_Mateus_Victor|Menu_Parte1:inst2|Maximo:inst8|Comparador_5bit:inst|Comparador_bit_sinal:inst4                       ; work         ;
;       |Multiplexador_Final_Final:inst1|  ; 30 (0)            ; 0 (0)        ; 0           ; 0            ; 0       ; 0         ; 0         ; 0    ; 0            ; |ULA_Adelino_Mateus_Victor|Menu_Parte1:inst2|Multiplexador_Final_Final:inst1                                                    ; work         ;
;          |Multiplexador_Final:inst10|    ; 3 (0)             ; 0 (0)        ; 0           ; 0            ; 0       ; 0         ; 0         ; 0    ; 0            ; |ULA_Adelino_Mateus_Victor|Menu_Parte1:inst2|Multiplexador_Final_Final:inst1|Multiplexador_Final:inst10                         ; work         ;
;             |Multiplexador_2_1:inst5|    ; 3 (3)             ; 0 (0)        ; 0           ; 0            ; 0       ; 0         ; 0         ; 0    ; 0            ; |ULA_Adelino_Mateus_Victor|Menu_Parte1:inst2|Multiplexador_Final_Final:inst1|Multiplexador_Final:inst10|Multiplexador_2_1:inst5 ; work         ;
;          |Multiplexador_Final:inst12|    ; 27 (0)            ; 0 (0)        ; 0           ; 0            ; 0       ; 0         ; 0         ; 0    ; 0            ; |ULA_Adelino_Mateus_Victor|Menu_Parte1:inst2|Multiplexador_Final_Final:inst1|Multiplexador_Final:inst12                         ; work         ;
;             |Multiplexador_2_1:inst1|    ; 4 (4)             ; 0 (0)        ; 0           ; 0            ; 0       ; 0         ; 0         ; 0    ; 0            ; |ULA_Adelino_Mateus_Victor|Menu_Parte1:inst2|Multiplexador_Final_Final:inst1|Multiplexador_Final:inst12|Multiplexador_2_1:inst1 ; work         ;
;             |Multiplexador_2_1:inst2|    ; 4 (4)             ; 0 (0)        ; 0           ; 0            ; 0       ; 0         ; 0         ; 0    ; 0            ; |ULA_Adelino_Mateus_Victor|Menu_Parte1:inst2|Multiplexador_Final_Final:inst1|Multiplexador_Final:inst12|Multiplexador_2_1:inst2 ; work         ;
;             |Multiplexador_2_1:inst3|    ; 8 (8)             ; 0 (0)        ; 0           ; 0            ; 0       ; 0         ; 0         ; 0    ; 0            ; |ULA_Adelino_Mateus_Victor|Menu_Parte1:inst2|Multiplexador_Final_Final:inst1|Multiplexador_Final:inst12|Multiplexador_2_1:inst3 ; work         ;
;             |Multiplexador_2_1:inst4|    ; 4 (4)             ; 0 (0)        ; 0           ; 0            ; 0       ; 0         ; 0         ; 0    ; 0            ; |ULA_Adelino_Mateus_Victor|Menu_Parte1:inst2|Multiplexador_Final_Final:inst1|Multiplexador_Final:inst12|Multiplexador_2_1:inst4 ; work         ;
;             |Multiplexador_2_1:inst5|    ; 1 (1)             ; 0 (0)        ; 0           ; 0            ; 0       ; 0         ; 0         ; 0    ; 0            ; |ULA_Adelino_Mateus_Victor|Menu_Parte1:inst2|Multiplexador_Final_Final:inst1|Multiplexador_Final:inst12|Multiplexador_2_1:inst5 ; work         ;
;             |Multiplexador_2_1:inst6|    ; 1 (1)             ; 0 (0)        ; 0           ; 0            ; 0       ; 0         ; 0         ; 0    ; 0            ; |ULA_Adelino_Mateus_Victor|Menu_Parte1:inst2|Multiplexador_Final_Final:inst1|Multiplexador_Final:inst12|Multiplexador_2_1:inst6 ; work         ;
;             |Multiplexador_2_1:inst|     ; 5 (5)             ; 0 (0)        ; 0           ; 0            ; 0       ; 0         ; 0         ; 0    ; 0            ; |ULA_Adelino_Mateus_Victor|Menu_Parte1:inst2|Multiplexador_Final_Final:inst1|Multiplexador_Final:inst12|Multiplexador_2_1:inst  ; work         ;
;       |Somador_5bit:inst|                ; 6 (0)             ; 0 (0)        ; 0           ; 0            ; 0       ; 0         ; 0         ; 0    ; 0            ; |ULA_Adelino_Mateus_Victor|Menu_Parte1:inst2|Somador_5bit:inst                                                                  ; work         ;
;          |Somador_1bit:inst1|            ; 1 (1)             ; 0 (0)        ; 0           ; 0            ; 0       ; 0         ; 0         ; 0    ; 0            ; |ULA_Adelino_Mateus_Victor|Menu_Parte1:inst2|Somador_5bit:inst|Somador_1bit:inst1                                               ; work         ;
;          |Somador_1bit:inst2|            ; 3 (3)             ; 0 (0)        ; 0           ; 0            ; 0       ; 0         ; 0         ; 0    ; 0            ; |ULA_Adelino_Mateus_Victor|Menu_Parte1:inst2|Somador_5bit:inst|Somador_1bit:inst2                                               ; work         ;
;          |Somador_1bit:inst3|            ; 2 (2)             ; 0 (0)        ; 0           ; 0            ; 0       ; 0         ; 0         ; 0    ; 0            ; |ULA_Adelino_Mateus_Victor|Menu_Parte1:inst2|Somador_5bit:inst|Somador_1bit:inst3                                               ; work         ;
;       |Subtrator_5bits:inst2|            ; 7 (1)             ; 0 (0)        ; 0           ; 0            ; 0       ; 0         ; 0         ; 0    ; 0            ; |ULA_Adelino_Mateus_Victor|Menu_Parte1:inst2|Subtrator_5bits:inst2                                                              ; work         ;
;          |Somador_1bit:inst1|            ; 2 (2)             ; 0 (0)        ; 0           ; 0            ; 0       ; 0         ; 0         ; 0    ; 0            ; |ULA_Adelino_Mateus_Victor|Menu_Parte1:inst2|Subtrator_5bits:inst2|Somador_1bit:inst1                                           ; work         ;
;          |Somador_1bit:inst2|            ; 2 (2)             ; 0 (0)        ; 0           ; 0            ; 0       ; 0         ; 0         ; 0    ; 0            ; |ULA_Adelino_Mateus_Victor|Menu_Parte1:inst2|Subtrator_5bits:inst2|Somador_1bit:inst2                                           ; work         ;
;          |Somador_1bit:inst3|            ; 2 (2)             ; 0 (0)        ; 0           ; 0            ; 0       ; 0         ; 0         ; 0    ; 0            ; |ULA_Adelino_Mateus_Victor|Menu_Parte1:inst2|Subtrator_5bits:inst2|Somador_1bit:inst3                                           ; work         ;
+------------------------------------------+-------------------+--------------+-------------+--------------+---------+-----------+-----------+------+--------------+---------------------------------------------------------------------------------------------------------------------------------+--------------+
Note: For table entries with two numbers listed, the numbers in parentheses indicate the number of resources of the given type used by the specific entity alone. The numbers listed outside of parentheses indicate the total resources of the given type used by the specific entity and all of its sub-entities in the hierarchy.


+------------------------------------------------------+
; General Register Statistics                          ;
+----------------------------------------------+-------+
; Statistic                                    ; Value ;
+----------------------------------------------+-------+
; Total registers                              ; 0     ;
; Number of registers using Synchronous Clear  ; 0     ;
; Number of registers using Synchronous Load   ; 0     ;
; Number of registers using Asynchronous Clear ; 0     ;
; Number of registers using Asynchronous Load  ; 0     ;
; Number of registers using Clock Enable       ; 0     ;
; Number of registers using Preset             ; 0     ;
+----------------------------------------------+-------+


+-----------------------------------------------------------------------------------------------------------------------------------------------------------------------------------------------------------------------------------------------------+
; Multiplexer Restructuring Statistics (Restructuring Performed)                                                                                                                                                                                      ;
+--------------------+-----------+---------------+----------------------+------------------------+------------+---------------------------------------------------------------------------------------------------------------------------------------+
; Multiplexer Inputs ; Bus Width ; Baseline Area ; Area if Restructured ; Saving if Restructured ; Registered ; Example Multiplexer Output                                                                                                            ;
+--------------------+-----------+---------------+----------------------+------------------------+------------+---------------------------------------------------------------------------------------------------------------------------------------+
; 9:1                ; 3 bits    ; 18 LEs        ; 12 LEs               ; 6 LEs                  ; No         ; |ULA_Adelino_Mateus_Victor|Menu_Parte1:inst2|Multiplexador_Final_Final:inst1|Multiplexador_Final:inst12|Multiplexador_2_1:inst3|inst3 ;
+--------------------+-----------+---------------+----------------------+------------------------+------------+---------------------------------------------------------------------------------------------------------------------------------------+


+-------------------------------+
; Elapsed Time Per Partition    ;
+----------------+--------------+
; Partition Name ; Elapsed Time ;
+----------------+--------------+
; Top            ; 00:00:02     ;
+----------------+--------------+


+-------------------------------+
; Analysis & Synthesis Messages ;
+-------------------------------+
Info: *******************************************************************
Info: Running Quartus II 32-bit Analysis & Synthesis
    Info: Version 13.1.0 Build 162 10/23/2013 SJ Web Edition
    Info: Processing started: Thu Jun 09 19:01:25 2016
Info: Command: quartus_map --read_settings_files=on --write_settings_files=off ULA_Adelino_Mateus_Victor -c ULA_Adelino_Mateus_Victor
Warning (20028): Parallel compilation is not licensed and has been disabled
Info (12021): Found 1 design units, including 1 entities, in source file ula_adelino_mateus_victor.bdf
    Info (12023): Found entity 1: ULA_Adelino_Mateus_Victor
Info (12021): Found 1 design units, including 1 entities, in source file somador_5bit.bdf
    Info (12023): Found entity 1: Somador_5bit
Info (12021): Found 1 design units, including 1 entities, in source file somador_1bit.bdf
    Info (12023): Found entity 1: Somador_1bit
Info (12021): Found 1 design units, including 1 entities, in source file subtrator_5bits.bdf
    Info (12023): Found entity 1: Subtrator_5bits
Info (12021): Found 1 design units, including 1 entities, in source file ax4.bdf
    Info (12023): Found entity 1: Ax4
Info (12021): Found 1 design units, including 1 entities, in source file a-1.bdf
    Info (12023): Found entity 1: A-1
Info (12021): Found 1 design units, including 1 entities, in source file comparador_1bit.bdf
    Info (12023): Found entity 1: Comparador_1bit
Info (12021): Found 1 design units, including 1 entities, in source file comparador_5bit.bdf
    Info (12023): Found entity 1: Comparador_5bit
Info (12021): Found 1 design units, including 1 entities, in source file comparador_bit_sinal.bdf
    Info (12023): Found entity 1: Comparador_bit_sinal
Info (12021): Found 1 design units, including 1 entities, in source file comparador_5bit_menor_igual.bdf
    Info (12023): Found entity 1: Comparador_5bit_Menor_Igual
Info (12021): Found 1 design units, including 1 entities, in source file multiplexador_2_1.bdf
    Info (12023): Found entity 1: Multiplexador_2_1
Info (12021): Found 1 design units, including 1 entities, in source file multiplexador_2_1_5bits.bdf
    Info (12023): Found entity 1: Multiplexador_2_1_5bits
Info (12021): Found 1 design units, including 1 entities, in source file maximo.bdf
    Info (12023): Found entity 1: Maximo
Info (12021): Found 1 design units, including 1 entities, in source file minimo.bdf
    Info (12023): Found entity 1: Minimo
Info (12021): Found 1 design units, including 1 entities, in source file multiplexador_8_1_por_2_1.bdf
    Info (12023): Found entity 1: Multiplexador_8_1_por_2_1
Info (12021): Found 1 design units, including 1 entities, in source file multiplexador_final.bdf
    Info (12023): Found entity 1: Multiplexador_Final
Info (12021): Found 1 design units, including 1 entities, in source file multiplexador_final_final.bdf
    Info (12023): Found entity 1: Multiplexador_Final_Final
Info (12021): Found 1 design units, including 1 entities, in source file menu_parte1.bdf
    Info (12023): Found entity 1: Menu_Parte1
Info (12021): Found 1 design units, including 1 entities, in source file s8.bdf
    Info (12023): Found entity 1: S8
Info (12021): Found 1 design units, including 1 entities, in source file s9.bdf
    Info (12023): Found entity 1: S9
Info (12021): Found 1 design units, including 1 entities, in source file s10.bdf
    Info (12023): Found entity 1: S10
Info (12021): Found 1 design units, including 1 entities, in source file s12.bdf
    Info (12023): Found entity 1: S12
Info (12021): Found 1 design units, including 1 entities, in source file s13.bdf
    Info (12023): Found entity 1: S13
Info (12021): Found 1 design units, including 1 entities, in source file decodificador.bdf
    Info (12023): Found entity 1: Decodificador
Info (12021): Found 1 design units, including 1 entities, in source file s1.bdf
    Info (12023): Found entity 1: S1
Info (12021): Found 1 design units, including 1 entities, in source file s11.bdf
    Info (12023): Found entity 1: S11
Info (12021): Found 1 design units, including 1 entities, in source file s14.bdf
    Info (12023): Found entity 1: S14
Info (12127): Elaborating entity "ULA_Adelino_Mateus_Victor" for the top level hierarchy
Info (12128): Elaborating entity "Menu_Parte1" for hierarchy "Menu_Parte1:inst2"
Info (12128): Elaborating entity "Multiplexador_Final_Final" for hierarchy "Menu_Parte1:inst2|Multiplexador_Final_Final:inst1"
Info (12128): Elaborating entity "Multiplexador_Final" for hierarchy "Menu_Parte1:inst2|Multiplexador_Final_Final:inst1|Multiplexador_Final:inst12"
Info (12128): Elaborating entity "Multiplexador_2_1" for hierarchy "Menu_Parte1:inst2|Multiplexador_Final_Final:inst1|Multiplexador_Final:inst12|Multiplexador_2_1:inst6"
Info (12128): Elaborating entity "Somador_5bit" for hierarchy "Menu_Parte1:inst2|Somador_5bit:inst"
Info (12128): Elaborating entity "Somador_1bit" for hierarchy "Menu_Parte1:inst2|Somador_5bit:inst|Somador_1bit:inst9"
Info (12128): Elaborating entity "Subtrator_5bits" for hierarchy "Menu_Parte1:inst2|Subtrator_5bits:inst2"
Info (12128): Elaborating entity "A-1" for hierarchy "Menu_Parte1:inst2|A-1:inst4"
Info (12128): Elaborating entity "Ax4" for hierarchy "Menu_Parte1:inst2|Ax4:inst5"
Info (12128): Elaborating entity "Comparador_5bit" for hierarchy "Menu_Parte1:inst2|Comparador_5bit:inst6"
Info (12128): Elaborating entity "Comparador_bit_sinal" for hierarchy "Menu_Parte1:inst2|Comparador_5bit:inst6|Comparador_bit_sinal:inst4"
Info (12128): Elaborating entity "Comparador_1bit" for hierarchy "Menu_Parte1:inst2|Comparador_5bit:inst6|Comparador_1bit:inst8"
Info (12128): Elaborating entity "Comparador_5bit_Menor_Igual" for hierarchy "Menu_Parte1:inst2|Comparador_5bit_Menor_Igual:inst7"
Info (12128): Elaborating entity "Maximo" for hierarchy "Menu_Parte1:inst2|Maximo:inst8"
Info (12128): Elaborating entity "Multiplexador_2_1_5bits" for hierarchy "Menu_Parte1:inst2|Maximo:inst8|Multiplexador_2_1_5bits:inst2"
Info (12128): Elaborating entity "Minimo" for hierarchy "Menu_Parte1:inst2|Minimo:inst9"
Info (12128): Elaborating entity "Decodificador" for hierarchy "Decodificador:inst"
Info (12128): Elaborating entity "S1" for hierarchy "Decodificador:inst|S1:inst"
Info (12128): Elaborating entity "S8" for hierarchy "Decodificador:inst|S8:inst3"
Info (12128): Elaborating entity "S9" for hierarchy "Decodificador:inst|S9:inst6"
Info (12128): Elaborating entity "S10" for hierarchy "Decodificador:inst|S10:inst8"
Info (12128): Elaborating entity "S11" for hierarchy "Decodificador:inst|S11:inst9"
Info (12128): Elaborating entity "S12" for hierarchy "Decodificador:inst|S12:inst10"
Info (12128): Elaborating entity "S13" for hierarchy "Decodificador:inst|S13:inst11"
Info (12128): Elaborating entity "S14" for hierarchy "Decodificador:inst|S14:inst4"
Warning (13024): Output pins are stuck at VCC or GND
    Warning (13410): Pin "L2" is stuck at VCC
    Warning (13410): Pin "L3" is stuck at VCC
    Warning (13410): Pin "L7" is stuck at GND
Info (286030): Timing-Driven Synthesis is running
Info (16010): Generating hard_block partition "hard_block:auto_generated_inst"
    Info (16011): Adding 0 node(s), including 0 DDIO, 0 PLL, 0 transceiver and 0 LCELL
Info (21057): Implemented 104 device resources after synthesis - the final resource count might be different
    Info (21058): Implemented 13 input pins
    Info (21059): Implemented 17 output pins
    Info (21061): Implemented 74 logic cells
Info: Quartus II 32-bit Analysis & Synthesis was successful. 0 errors, 5 warnings
    Info: Peak virtual memory: 385 megabytes
    Info: Processing ended: Thu Jun 09 19:01:30 2016
    Info: Elapsed time: 00:00:05
    Info: Total CPU time (on all processors): 00:00:05


