Flow report for ULA_Adelino_Mateus_Victor
Thu Jun 09 19:07:39 2016
Quartus II 32-bit Version 13.1.0 Build 162 10/23/2013 SJ Web Edition


---------------------
; Table of Contents ;
---------------------
  1. Legal Notice
  2. Flow Summary
  3. Flow Settings
  4. Flow Non-Default Global Settings
  5. Flow Elapsed Time
  6. Flow OS Summary
  7. Flow Log
  8. Flow Messages
  9. Flow Suppressed Messages



----------------
; Legal Notice ;
----------------
Copyright (C) 1991-2013 Altera Corporation
Your use of Altera Corporation's design tools, logic functions 
and other software and tools, and its AMPP partner logic 
functions, and any output files from any of the foregoing 
(including device programming or simulation files), and any 
associated documentation or information are expressly subject 
to the terms and conditions of the Altera Program License 
Subscription Agreement, Altera MegaCore Function License 
Agreement, or other applicable license agreement, including, 
without limitation, that your use is for the sole purpose of 
programming logic devices manufactured by Altera and sold by 
Altera or its authorized distributors.  Please refer to the 
applicable agreement for further details.



+---------------------------------------------------------------------------------+
; Flow Summary                                                                    ;
+------------------------------------+--------------------------------------------+
; Flow Status                        ; Successful - Thu Jun 09 19:07:39 2016      ;
; Quartus II 32-bit Version          ; 13.1.0 Build 162 10/23/2013 SJ Web Edition ;
; Revision Name                      ; ULA_Adelino_Mateus_Victor                  ;
; Top-level Entity Name              ; ULA_Adelino_Mateus_Victor                  ;
; Family                             ; Cyclone IV GX                              ;
; Total logic elements               ; 74 / 14,400 ( < 1 % )                      ;
;     Total combinational functions  ; 74 / 14,400 ( < 1 % )                      ;
;     Dedicated logic registers      ; 0 / 14,400 ( 0 % )                         ;
; Total registers                    ; 0                                          ;
; Total pins                         ; 30 / 81 ( 37 % )                           ;
; Total virtual pins                 ; 0                                          ;
; Total memory bits                  ; 0 / 552,960 ( 0 % )                        ;
; Embedded Multiplier 9-bit elements ; 0                                          ;
; Total GXB Receiver Channel PCS     ; 0 / 2 ( 0 % )                              ;
; Total GXB Receiver Channel PMA     ; 0 / 2 ( 0 % )                              ;
; Total GXB Transmitter Channel PCS  ; 0 / 2 ( 0 % )                              ;
; Total GXB Transmitter Channel PMA  ; 0 / 2 ( 0 % )                              ;
; Total PLLs                         ; 0 / 3 ( 0 % )                              ;
; Device                             ; EP4CGX15BF14C6                             ;
; Timing Models                      ; Final                                      ;
+------------------------------------+--------------------------------------------+


+-----------------------------------------------+
; Flow Settings                                 ;
+-------------------+---------------------------+
; Option            ; Setting                   ;
+-------------------+---------------------------+
; Start date & time ; 06/09/2016 19:01:26       ;
; Main task         ; Compilation               ;
; Revision Name     ; ULA_Adelino_Mateus_Victor ;
+-------------------+---------------------------+


+-------------------------------------------------------------------------------------------------------------------------------------------+
; Flow Non-Default Global Settings                                                                                                          ;
+-------------------------------------+------------------------------------------------------+---------------+-------------+----------------+
; Assignment Name                     ; Value                                                ; Default Value ; Entity Name ; Section Id     ;
+-------------------------------------+------------------------------------------------------+---------------+-------------+----------------+
; COMPILER_SIGNATURE_ID               ; 66290981744101.146550968602884                       ; --            ; --          ; --             ;
; EDA_GENERATE_FUNCTIONAL_NETLIST     ; On                                                   ; --            ; --          ; eda_simulation ;
; EDA_NETLIST_WRITER_OUTPUT_DIR       ; C:/Users/Usuário/Downloads/ULA9/ULA/simulation/qsim/ ; --            ; --          ; eda_simulation ;
; EDA_OUTPUT_DATA_FORMAT              ; Verilog Hdl                                          ; --            ; --          ; eda_simulation ;
; EDA_SIMULATION_TOOL                 ; ModelSim-Altera (Verilog)                            ; <None>        ; --          ; --             ;
; ENABLE_OCT_DONE                     ; Off                                                  ; On            ; --          ; --             ;
; PARTITION_COLOR                     ; 16764057                                             ; --            ; --          ; Top            ;
; PARTITION_FITTER_PRESERVATION_LEVEL ; PLACEMENT_AND_ROUTING                                ; --            ; --          ; Top            ;
; PARTITION_NETLIST_TYPE              ; SOURCE                                               ; --            ; --          ; Top            ;
; PROJECT_OUTPUT_DIRECTORY            ; output_files                                         ; --            ; --          ; --             ;
+-------------------------------------+------------------------------------------------------+---------------+-------------+----------------+


+-------------------------------------------------------------------------------------------------------------------------------+
; Flow Elapsed Time                                                                                                             ;
+---------------------------+--------------+-------------------------+---------------------+------------------------------------+
; Module Name               ; Elapsed Time ; Average Processors Used ; Peak Virtual Memory ; Total CPU Time (on all processors) ;
+---------------------------+--------------+-------------------------+---------------------+------------------------------------+
; Analysis & Synthesis      ; 00:00:05     ; 1.0                     ; 376 MB              ; 00:00:04                           ;
; Fitter                    ; 00:00:10     ; 1.0                     ; 582 MB              ; 00:00:10                           ;
; Assembler                 ; 00:00:03     ; 1.0                     ; 382 MB              ; 00:00:02                           ;
; TimeQuest Timing Analyzer ; 00:00:05     ; 1.0                     ; 382 MB              ; 00:00:04                           ;
; EDA Netlist Writer        ; 00:00:00     ; 1.0                     ; 339 MB              ; 00:00:01                           ;
; EDA Netlist Writer        ; 00:00:01     ; 1.0                     ; 344 MB              ; 00:00:01                           ;
; EDA Netlist Writer        ; 00:00:01     ; 1.0                     ; 347 MB              ; 00:00:01                           ;
; EDA Netlist Writer        ; 00:00:01     ; 1.0                     ; 344 MB              ; 00:00:01                           ;
; EDA Netlist Writer        ; 00:00:01     ; 1.0                     ; 347 MB              ; 00:00:01                           ;
; Total                     ; 00:00:27     ; --                      ; --                  ; 00:00:25                           ;
+---------------------------+--------------+-------------------------+---------------------+------------------------------------+


+----------------------------------------------------------------------------------------+
; Flow OS Summary                                                                        ;
+---------------------------+------------------+-----------+------------+----------------+
; Module Name               ; Machine Hostname ; OS Name   ; OS Version ; Processor type ;
+---------------------------+------------------+-----------+------------+----------------+
; Analysis & Synthesis      ; UAG              ; Windows 7 ; 6.1        ; i1686          ;
; Fitter                    ; UAG              ; Windows 7 ; 6.1        ; i1686          ;
; Assembler                 ; UAG              ; Windows 7 ; 6.1        ; i1686          ;
; TimeQuest Timing Analyzer ; UAG              ; Windows 7 ; 6.1        ; i1686          ;
; EDA Netlist Writer        ; UAG              ; Windows 7 ; 6.1        ; i1686          ;
; EDA Netlist Writer        ; UAG              ; Windows 7 ; 6.1        ; i1686          ;
; EDA Netlist Writer        ; UAG              ; Windows 7 ; 6.1        ; i1686          ;
; EDA Netlist Writer        ; UAG              ; Windows 7 ; 6.1        ; i1686          ;
; EDA Netlist Writer        ; UAG              ; Windows 7 ; 6.1        ; i1686          ;
+---------------------------+------------------+-----------+------------+----------------+


------------
; Flow Log ;
------------
quartus_map --read_settings_files=on --write_settings_files=off ULA_Adelino_Mateus_Victor -c ULA_Adelino_Mateus_Victor
quartus_fit --read_settings_files=off --write_settings_files=off ULA_Adelino_Mateus_Victor -c ULA_Adelino_Mateus_Victor
quartus_asm --read_settings_files=off --write_settings_files=off ULA_Adelino_Mateus_Victor -c ULA_Adelino_Mateus_Victor
quartus_sta ULA_Adelino_Mateus_Victor -c ULA_Adelino_Mateus_Victor
quartus_eda --read_settings_files=off --write_settings_files=off ULA_Adelino_Mateus_Victor -c ULA_Adelino_Mateus_Victor
quartus_eda --gen_testbench --check_outputs=on --tool=modelsim_oem --format=verilog ULA_Adelino_Mateus_Victor -c ULA_Adelino_Mateus_Victor --vector_source=C:/Users/Usuário/Downloads/ULA9/ULA/Waveform1.vwf --testbench_file=C:/Users/Usuário/Downloads/ULA9/ULA/simulation/qsim/Waveform1.vwf.vt
quartus_eda --functional=on --flatten_buses=off --simulation=on --tool=modelsim_oem --format=verilog --output_directory=C:/Users/Usuário/Downloads/ULA9/ULA/simulation/qsim/ ULA_Adelino_Mateus_Victor -c ULA_Adelino_Mateus_Victor
quartus_eda --gen_testbench --check_outputs=on --tool=modelsim_oem --format=verilog ULA_Adelino_Mateus_Victor -c ULA_Adelino_Mateus_Victor --vector_source=C:/Users/Usuário/Downloads/ULA9/ULA/Waveform1.vwf --testbench_file=C:/Users/Usuário/Downloads/ULA9/ULA/simulation/qsim/Waveform1.vwf.vt
quartus_eda --functional=on --flatten_buses=off --simulation=on --tool=modelsim_oem --format=verilog --output_directory=C:/Users/Usuário/Downloads/ULA9/ULA/simulation/qsim/ ULA_Adelino_Mateus_Victor -c ULA_Adelino_Mateus_Victor



